2022/02/09 18:04:39 server.log.go:27: remote:[::1]:62119 method:GET url:/memory?key=ok%C3%BC%C4%9F duration:83.643µs
2022/02/09 18:04:46 server.log.go:27: remote:[::1]:62119 method:POST url:/memory duration:72.826µs
2022/02/10 14:38:47 server.log.go:26: remote:[::1]:52922 method:GET url:/memory?key=1 duration:90.742µs
2022/02/10 14:38:53 server.log.go:26: remote:[::1]:52922 method:GET url:/memory?key=k duration:16.406µs
2022/02/10 14:38:54 server.log.go:26: remote:[::1]:52922 method:GET url:/memory?key=k duration:17.586µs
2022/02/10 14:39:05 server.log.go:26: remote:[::1]:52922 method:GET url:/memory?key=k duration:34.654µs
2022/02/10 14:39:06 server.log.go:26: remote:[::1]:52922 method:GET url:/memory?key=k duration:14.039µs
2022/02/10 14:39:19 server.log.go:26: remote:[::1]:52922 method:GET url:/memory?key=p duration:75.35µs
2022/02/10 14:39:26 server.log.go:26: remote:[::1]:52922 method:DELETE url:/memory duration:45.999µs
2022/02/10 14:39:29 server.log.go:26: remote:[::1]:52922 method:DELETE url:/memory duration:24.261µs
2022/02/10 14:39:44 server.log.go:26: remote:[::1]:52922 method:DELETE url:/memory duration:51.088µs
2022/02/10 14:39:58 server.log.go:26: remote:[::1]:52922 method:POST url:/memory duration:71.328µs
2022/02/10 14:41:23 server.log.go:26: remote:[::1]:53566 method:GET url:/docs/index.html duration:303.664µs
2022/02/10 14:41:23 server.log.go:26: remote:[::1]:53566 method:GET url:/docs/swagger-ui.css duration:2.891483ms
2022/02/10 14:41:23 server.log.go:26: remote:[::1]:53572 method:GET url:/docs/swagger-ui-standalone-preset.js duration:2.525683ms
2022/02/10 14:41:23 server.log.go:26: remote:[::1]:53567 method:GET url:/docs/swagger-ui-bundle.js duration:6.184423ms
2022/02/10 14:41:23 server.log.go:26: remote:[::1]:53567 method:GET url:/docs/doc.json duration:227.168µs
2022/02/10 15:16:16 main.go:89: listen tcp :8080: bind: address already in use
2022/02/10 15:16:33 main.go:89: listen tcp :8080: bind: address already in use
2022/02/10 15:16:51 main.go:89: listen tcp :8080: bind: address already in use
2022/02/10 15:17:40 server.log.go:26: remote:[::1]:62997 method:GET url:/docs/index.html duration:551.366µs
2022/02/10 15:17:40 server.log.go:26: remote:[::1]:62998 method:GET url:/docs/swagger-ui.css duration:292.078µs
2022/02/10 15:17:40 server.log.go:26: remote:[::1]:62999 method:GET url:/docs/swagger-ui-standalone-preset.js duration:351.672µs
2022/02/10 15:17:40 server.log.go:26: remote:[::1]:62997 method:GET url:/docs/swagger-ui-bundle.js duration:9.321646ms
2022/02/10 15:17:41 server.log.go:26: remote:[::1]:62997 method:GET url:/docs/doc.json duration:207.429µs
2022/02/10 15:17:41 server.log.go:26: remote:[::1]:62997 method:GET url:/docs/favicon-32x32.png duration:65.708µs
2022/02/10 15:20:43 server.log.go:26: remote:[::1]:63889 method:GET url:/docs/index.html duration:494.15µs
2022/02/10 15:20:43 server.log.go:26: remote:[::1]:63889 method:GET url:/docs/swagger-ui.css duration:321.041µs
2022/02/10 15:20:43 server.log.go:26: remote:[::1]:63891 method:GET url:/docs/swagger-ui-standalone-preset.js duration:364.554µs
2022/02/10 15:20:43 server.log.go:26: remote:[::1]:63890 method:GET url:/docs/swagger-ui-bundle.js duration:6.358966ms
2022/02/10 15:20:43 server.log.go:26: remote:[::1]:63890 method:GET url:/docs/doc.json duration:197.388µs
2022/02/10 15:20:43 server.log.go:26: remote:[::1]:63890 method:GET url:/docs/favicon-32x32.png duration:76.187µs
2022/02/10 15:24:20 server.log.go:26: remote:[::1]:63890 method:GET url:/docs/swagger-ui.css duration:138.263µs
2022/02/10 15:24:20 server.log.go:26: remote:[::1]:63891 method:GET url:/docs/swagger-ui-standalone-preset.js.map duration:11.210027ms
2022/02/10 15:24:20 server.log.go:26: remote:[::1]:63889 method:GET url:/docs/swagger-ui.css.map duration:270.993µs
2022/02/10 15:24:20 server.log.go:26: remote:[::1]:63890 method:GET url:/docs/swagger-ui-bundle.js.map duration:39.095392ms
2022/02/10 15:26:54 server.log.go:26: remote:[::1]:63890 method:GET url:/memory?key=a duration:212.335µs
2022/02/10 15:26:54 server.log.go:26: remote:[::1]:63890 method:GET url:/favicon.ico duration:10.961µs
2022/02/10 15:27:08 server.log.go:26: remote:[::1]:63890 method:GET url:/memory?key=a duration:22.073µs
2022/02/10 15:27:16 server.log.go:26: remote:[::1]:63890 method:GET url:/memory?key=a duration:20.536µs
2022/02/10 15:27:21 server.log.go:26: remote:[::1]:63890 method:GET url:/memory?key=a duration:17.591µs
2022/02/10 15:33:29 server.log.go:26: remote:[::1]:50801 method:GET url:/docs/index.html duration:348.228µs
2022/02/10 15:33:29 server.log.go:26: remote:[::1]:50801 method:GET url:/docs/swagger-ui.css duration:403.941µs
2022/02/10 15:33:29 server.log.go:26: remote:[::1]:50803 method:GET url:/docs/swagger-ui-standalone-preset.js duration:449.64µs
2022/02/10 15:33:29 server.log.go:26: remote:[::1]:50802 method:GET url:/docs/swagger-ui-bundle.js duration:7.920232ms
2022/02/10 15:33:29 server.log.go:26: remote:[::1]:50802 method:GET url:/docs/swagger-ui.css.map duration:5.32012ms
2022/02/10 15:33:30 server.log.go:26: remote:[::1]:50802 method:GET url:/docs/swagger-ui-bundle.js.map duration:14.607075ms
2022/02/10 15:33:30 server.log.go:26: remote:[::1]:50802 method:GET url:/docs/swagger-ui-standalone-preset.js.map duration:1.040018ms
2022/02/10 15:33:30 server.log.go:26: remote:[::1]:50802 method:GET url:/docs/doc.json duration:316.191µs
2022/02/10 15:33:30 server.log.go:26: remote:[::1]:50802 method:GET url:/docs/favicon-32x32.png duration:68.222µs
2022/02/10 15:33:34 server.log.go:26: remote:[::1]:50802 method:GET url:/memory?key=a duration:52.448µs
2022/02/10 15:39:45 server.log.go:26: remote:[::1]:52364 method:GET url:/memory?key=a duration:94.407µs
2022/02/10 15:39:57 server.log.go:26: remote:[::1]:52364 method:POST url:/memory duration:59.928µs
2022/02/10 15:40:43 server.log.go:26: remote:[::1]:52608 method:POST url:/memory duration:114.526µs
2022/02/10 15:41:14 server.log.go:26: remote:[::1]:52739 method:POST url:/memory duration:140.962µs
2022/02/10 15:41:18 server.log.go:26: remote:[::1]:52739 method:POST url:/memory duration:48.466µs
2022/02/10 15:41:19 server.log.go:26: remote:[::1]:52739 method:POST url:/memory duration:36.838µs
2022/02/10 15:41:24 server.log.go:26: remote:[::1]:52739 method:POST url:/memory duration:34.042µs
2022/02/10 16:38:18 server.log.go:26: remote:[::1]:50930 method:GET url:/docs/index.html duration:283.749µs
